<?xml version="1.0" encoding="UTF-8"?>
<!-- Generated by org.testng.reporters.JUnitReportReporter -->
<testsuite skipped="0" hostname="user-PC" name="practiceTest.Login" tests="1" failures="0" timestamp="28 Jul 2018 16:56:34 GMT" time="98.310" errors="0">
  <testcase name="test" time="98.310" classname="practiceTest.Login"/>
</testsuite> <!-- practiceTest.Login -->
